<?xml version="1.0" encoding="UTF-8"?>
<!-- Generated by org.testng.reporters.JUnitReportReporter -->
<testsuite skipped="0" hostname="JHANSI-PC" name="ReadJSON.LoadFromURL" tests="1" failures="0" timestamp="19 May 2019 12:32:06 GMT" time="0.016" errors="0">
  <testcase name="testingTrail" time="0.016" classname="ReadJSON.LoadFromURL"/>
</testsuite> <!-- ReadJSON.LoadFromURL -->
