<?xml version="1.0" encoding="UTF-8"?>
<!-- Generated by org.testng.reporters.JUnitReportReporter -->
<testsuite skipped="0" hostname="JHANSI-PC" name="ReadJSON.LoadFromURL" tests="1" failures="0" timestamp="16 May 2019 13:10:26 GMT" time="0.021" errors="0">
  <testcase name="testingTrail" time="0.021" classname="ReadJSON.LoadFromURL"/>
</testsuite> <!-- ReadJSON.LoadFromURL -->
